C:\Users\Abuba\source\repos\Hahn.ApplicatonProcess.Applicaton\Hahn.ApplicatonProcess.December2020.Web\client-app\src\app.js
C:\Users\Abuba\source\repos\Hahn.ApplicatonProcess.Applicaton\Hahn.ApplicatonProcess.December2020.Web\client-app\src\app.js.map
C:\Users\Abuba\source\repos\Hahn.ApplicatonProcess.Applicaton\Hahn.ApplicatonProcess.December2020.Web\client-app\src\main.js
C:\Users\Abuba\source\repos\Hahn.ApplicatonProcess.Applicaton\Hahn.ApplicatonProcess.December2020.Web\client-app\src\main.js.map
C:\Users\Abuba\source\repos\Hahn.ApplicatonProcess.Applicaton\Hahn.ApplicatonProcess.December2020.Web\client-app\src\audialog\dialog.js
C:\Users\Abuba\source\repos\Hahn.ApplicatonProcess.Applicaton\Hahn.ApplicatonProcess.December2020.Web\client-app\src\audialog\dialog.js.map
C:\Users\Abuba\source\repos\Hahn.ApplicatonProcess.Applicaton\Hahn.ApplicatonProcess.December2020.Web\client-app\src\audialog\prompt.js
C:\Users\Abuba\source\repos\Hahn.ApplicatonProcess.Applicaton\Hahn.ApplicatonProcess.December2020.Web\client-app\src\audialog\prompt.js.map
C:\Users\Abuba\source\repos\Hahn.ApplicatonProcess.Applicaton\Hahn.ApplicatonProcess.December2020.Web\client-app\src\backend\applicantapi.js
C:\Users\Abuba\source\repos\Hahn.ApplicatonProcess.Applicaton\Hahn.ApplicatonProcess.December2020.Web\client-app\src\backend\applicantapi.js.map
C:\Users\Abuba\source\repos\Hahn.ApplicatonProcess.Applicaton\Hahn.ApplicatonProcess.December2020.Web\client-app\src\components\header.js
C:\Users\Abuba\source\repos\Hahn.ApplicatonProcess.Applicaton\Hahn.ApplicatonProcess.December2020.Web\client-app\src\components\header.js.map
C:\Users\Abuba\source\repos\Hahn.ApplicatonProcess.Applicaton\Hahn.ApplicatonProcess.December2020.Web\client-app\src\models\applicantmodel.js
C:\Users\Abuba\source\repos\Hahn.ApplicatonProcess.Applicaton\Hahn.ApplicatonProcess.December2020.Web\client-app\src\models\applicantmodel.js.map
C:\Users\Abuba\source\repos\Hahn.ApplicatonProcess.Applicaton\Hahn.ApplicatonProcess.December2020.Web\client-app\src\components\applicant\applicant.js
C:\Users\Abuba\source\repos\Hahn.ApplicatonProcess.Applicaton\Hahn.ApplicatonProcess.December2020.Web\client-app\src\components\applicant\applicant.js.map
C:\Users\Abuba\source\repos\Hahn.ApplicatonProcess.Applicaton\Hahn.ApplicatonProcess.December2020.Web\client-app\src\components\applicantview\applicantview.js
C:\Users\Abuba\source\repos\Hahn.ApplicatonProcess.Applicaton\Hahn.ApplicatonProcess.December2020.Web\client-app\src\components\applicantview\applicantview.js.map
C:\Users\Abuba\source\repos\Hahn.ApplicatonProcess.Applicaton\Hahn.ApplicatonProcess.December2020.Web\client-app\src\components\home\home.js
C:\Users\Abuba\source\repos\Hahn.ApplicatonProcess.Applicaton\Hahn.ApplicatonProcess.December2020.Web\client-app\src\components\home\home.js.map
C:\Users\Abuba\source\repos\Hahn.ApplicatonProcess.Applicaton\Hahn.ApplicatonProcess.December2020.Web\client-app\src\resources\index.js
C:\Users\Abuba\source\repos\Hahn.ApplicatonProcess.Applicaton\Hahn.ApplicatonProcess.December2020.Web\client-app\src\resources\index.js.map
C:\Users\Abuba\source\repos\Hahn.ApplicatonProcess.Applicaton\Hahn.ApplicatonProcess.December2020.Web\client-app\src\services\httpservice.js
C:\Users\Abuba\source\repos\Hahn.ApplicatonProcess.Applicaton\Hahn.ApplicatonProcess.December2020.Web\client-app\src\services\httpservice.js.map
C:\Users\Abuba\source\repos\Hahn.ApplicatonProcess.Applicaton\Hahn.ApplicatonProcess.December2020.Web\client-app\test\jest-pretest.js
C:\Users\Abuba\source\repos\Hahn.ApplicatonProcess.Applicaton\Hahn.ApplicatonProcess.December2020.Web\client-app\test\jest-pretest.js.map
C:\Users\Abuba\source\repos\Hahn.ApplicatonProcess.Applicaton\Hahn.ApplicatonProcess.December2020.Web\client-app\test\unit\app.spec.js
C:\Users\Abuba\source\repos\Hahn.ApplicatonProcess.Applicaton\Hahn.ApplicatonProcess.December2020.Web\client-app\test\unit\app.spec.js.map
